<?xml version="1.0" encoding="UTF-8"?>
<testsuites name="jest tests" tests="4" failures="0" errors="0" time="0.47">
  <testsuite name="logic module tests" errors="0" failures="0" skipped="0" timestamp="2022-11-10T09:02:37" time="0.421" tests="4">
    <testcase classname="logic module tests if first value not exist, Response will be string error message" name="logic module tests if first value not exist, Response will be string error message" time="0.002">
    </testcase>
    <testcase classname="logic module tests if second value not exist, Response will be string error message" name="logic module tests if second value not exist, Response will be string error message" time="0.001">
    </testcase>
    <testcase classname="logic module tests When first value type string, Response will be string error message" name="logic module tests When first value type string, Response will be string error message" time="0">
    </testcase>
    <testcase classname="logic module tests When both values positive number, it will return summed numbers" name="logic module tests When both values positive number, it will return summed numbers" time="0.001">
    </testcase>
  </testsuite>
</testsuites>